build/app/intermediates/manifest_merge_blame_file/airqoDebug/manifest-merger-blame-airqo-debug-report.txt
1<?xml version="1.0" encoding="utf-8"?>
2<manifest xmlns:android="http://schemas.android.com/apk/res/android"
3    package="com.airqo.app"
4    android:versionCode="20037"
5    android:versionName="2.0.21" >
6
7    <uses-sdk
8        android:minSdkVersion="21"
9        android:targetSdkVersion="33" />
10    <!--
11         Flutter needs it to communicate with the running application
12         to allow setting breakpoints, to provide hot reload, etc.
13    -->
14    <uses-permission android:name="android.permission.INTERNET" />
14-->src/main/AndroidManifest.xml:4:5-67
14-->src/main/AndroidManifest.xml:4:22-64
15    <uses-permission android:name="android.permission.ACCESS_COARSE_LOCATION" />
15-->src/main/AndroidManifest.xml:5:5-81
15-->src/main/AndroidManifest.xml:5:22-78
16    <uses-permission android:name="android.permission.ACCESS_FINE_LOCATION" />
16-->src/main/AndroidManifest.xml:6:5-79
16-->src/main/AndroidManifest.xml:6:22-76
17
18    <queries>
18-->src/main/AndroidManifest.xml:70:5-83:15
19        <intent>
19-->src/main/AndroidManifest.xml:71:9-74:18
20            <action android:name="android.intent.action.VIEW" />
20-->src/main/AndroidManifest.xml:49:17-68
20-->src/main/AndroidManifest.xml:49:25-66
21
22            <data android:scheme="https" />
22-->src/main/AndroidManifest.xml:52:17-54:45
22-->src/main/AndroidManifest.xml:54:21-43
23        </intent>
24        <intent>
24-->src/main/AndroidManifest.xml:75:9-78:18
25            <action android:name="android.intent.action.DIAL" />
25-->src/main/AndroidManifest.xml:76:13-65
25-->src/main/AndroidManifest.xml:76:21-62
26
27            <data android:scheme="tel" />
27-->src/main/AndroidManifest.xml:52:17-54:45
27-->src/main/AndroidManifest.xml:54:21-43
28        </intent>
29        <intent>
29-->src/main/AndroidManifest.xml:79:9-82:18
30            <action android:name="android.intent.action.SEND" />
30-->src/main/AndroidManifest.xml:80:13-65
30-->src/main/AndroidManifest.xml:80:21-62
31
32            <data android:mimeType="*/*" />
32-->src/main/AndroidManifest.xml:52:17-54:45
33        </intent>
34        <!-- Needs to be explicitly declared on Android R+ -->
35        <package android:name="com.google.android.apps.maps" />
35-->[com.google.android.gms:play-services-maps:18.1.0] AndroidManifest.xml:33:9-64
35-->[com.google.android.gms:play-services-maps:18.1.0] AndroidManifest.xml:33:18-61
36    </queries>
37
38    <uses-permission android:name="android.permission.WAKE_LOCK" />
38-->[:firebase_messaging] AndroidManifest.xml:10:5-68
38-->[:firebase_messaging] AndroidManifest.xml:10:22-65
39    <uses-permission android:name="android.permission.ACCESS_NETWORK_STATE" /> <!-- Permissions options for the `notification` group -->
39-->[:firebase_messaging] AndroidManifest.xml:11:5-79
39-->[:firebase_messaging] AndroidManifest.xml:11:22-76
40    <uses-permission android:name="android.permission.POST_NOTIFICATIONS" />
40-->[:firebase_messaging] AndroidManifest.xml:13:5-77
40-->[:firebase_messaging] AndroidManifest.xml:13:22-74
41    <uses-permission android:name="android.permission.FOREGROUND_SERVICE" />
41-->[:geolocator_android] AndroidManifest.xml:9:5-77
41-->[:geolocator_android] AndroidManifest.xml:9:22-74
42    <uses-permission android:name="android.permission.RECEIVE_BOOT_COMPLETED" />
42-->[:flutter_local_notifications] AndroidManifest.xml:9:5-81
42-->[:flutter_local_notifications] AndroidManifest.xml:9:22-78
43    <uses-permission android:name="android.permission.VIBRATE" />
43-->[:flutter_local_notifications] AndroidManifest.xml:10:5-66
43-->[:flutter_local_notifications] AndroidManifest.xml:10:22-63
44    <uses-permission android:name="android.permission.USE_FULL_SCREEN_INTENT" />
44-->[:flutter_local_notifications] AndroidManifest.xml:11:5-81
44-->[:flutter_local_notifications] AndroidManifest.xml:11:22-78
45    <uses-permission android:name="android.permission.SCHEDULE_EXACT_ALARM" />
45-->[:flutter_local_notifications] AndroidManifest.xml:12:5-79
45-->[:flutter_local_notifications] AndroidManifest.xml:12:22-76
46
47    <uses-feature
47-->[com.google.android.gms:play-services-maps:18.1.0] AndroidManifest.xml:26:5-28:35
48        android:glEsVersion="0x00020000"
48-->[com.google.android.gms:play-services-maps:18.1.0] AndroidManifest.xml:27:9-41
49        android:required="true" /> <!-- Required by older versions of Google Play services to create IID tokens -->
49-->[com.google.android.gms:play-services-maps:18.1.0] AndroidManifest.xml:28:9-32
50    <uses-permission android:name="com.google.android.c2dm.permission.RECEIVE" />
50-->[com.google.firebase:firebase-messaging:23.1.2] AndroidManifest.xml:28:5-82
50-->[com.google.firebase:firebase-messaging:23.1.2] AndroidManifest.xml:28:22-79
51    <uses-permission android:name="com.google.android.gms.permission.AD_ID" />
51-->[com.google.android.gms:play-services-measurement-api:21.2.2] AndroidManifest.xml:25:5-79
51-->[com.google.android.gms:play-services-measurement-api:21.2.2] AndroidManifest.xml:25:22-76
52    <uses-permission android:name="com.google.android.finsky.permission.BIND_GET_INSTALL_REFERRER_SERVICE" />
52-->[com.google.android.gms:play-services-measurement:21.2.2] AndroidManifest.xml:26:5-110
52-->[com.google.android.gms:play-services-measurement:21.2.2] AndroidManifest.xml:26:22-107
53
54    <permission
54-->[androidx.core:core:1.9.0] AndroidManifest.xml:22:5-24:47
55        android:name="com.airqo.app.DYNAMIC_RECEIVER_NOT_EXPORTED_PERMISSION"
55-->[androidx.core:core:1.9.0] AndroidManifest.xml:23:9-81
56        android:protectionLevel="signature" />
56-->[androidx.core:core:1.9.0] AndroidManifest.xml:24:9-44
57
58    <uses-permission android:name="com.airqo.app.DYNAMIC_RECEIVER_NOT_EXPORTED_PERMISSION" />
58-->[androidx.core:core:1.9.0] AndroidManifest.xml:26:5-97
58-->[androidx.core:core:1.9.0] AndroidManifest.xml:26:22-94
59
60    <application
60-->src/main/AndroidManifest.xml:8:4-68:19
61        android:appComponentFactory="androidx.core.app.CoreComponentFactory"
61-->[androidx.core:core:1.9.0] AndroidManifest.xml:28:18-86
62        android:debuggable="true"
63        android:icon="@mipmap/launcher_icon"
63-->src/main/AndroidManifest.xml:11:9-45
64        android:label="@string/app_name"
64-->src/main/AndroidManifest.xml:10:9-41
65        android:networkSecurityConfig="@xml/network_security_config"
65-->src/main/AndroidManifest.xml:12:9-69
66        android:requestLegacyExternalStorage="true" >
66-->src/main/AndroidManifest.xml:9:9-52
67        <meta-data
68            android:name="com.google.android.geo.API_KEY"
69            android:value="AIzaSyCKL_keNYlpM5R1PDZKnv_2zsDVmvyHkhs" />
70
71        <activity
71-->src/main/AndroidManifest.xml:17:9-57:20
72            android:name="com.airqo.app.MainActivity"
72-->src/main/AndroidManifest.xml:18:13-41
73            android:configChanges="orientation|keyboardHidden|keyboard|screenSize|smallestScreenSize|locale|layoutDirection|fontScale|screenLayout|density|uiMode"
73-->src/main/AndroidManifest.xml:21:13-163
74            android:exported="true"
74-->src/main/AndroidManifest.xml:24:13-36
75            android:hardwareAccelerated="true"
75-->src/main/AndroidManifest.xml:22:13-47
76            android:launchMode="singleTop"
76-->src/main/AndroidManifest.xml:19:13-43
77            android:theme="@style/LaunchTheme"
77-->src/main/AndroidManifest.xml:20:13-47
78            android:windowSoftInputMode="adjustResize" >
78-->src/main/AndroidManifest.xml:23:13-55
79
80            <!--
81                 Specifies an Android theme to apply to this Activity as soon as
82                 the Android process has started. This theme is visible to the user
83                 while the Flutter UI initializes. After that, this theme continues
84                 to determine the Window background behind the Flutter UI.
85            -->
86            <meta-data
86-->src/main/AndroidManifest.xml:29:13-32:17
87                android:name="io.flutter.embedding.android.NormalTheme"
87-->src/main/AndroidManifest.xml:30:15-70
88                android:resource="@style/NormalTheme" />
88-->src/main/AndroidManifest.xml:31:15-52
89            <!-- <meta-data -->
90            <!-- android:name="io.flutter.embedding.android.SplashScreenDrawable" -->
91            <!-- android:resource="@drawable/launch_background" -->
92            <!-- /> -->
93
94            <intent-filter>
94-->src/main/AndroidManifest.xml:38:13-41:29
95                <action android:name="android.intent.action.MAIN" />
95-->src/main/AndroidManifest.xml:39:17-68
95-->src/main/AndroidManifest.xml:39:25-66
96
97                <category android:name="android.intent.category.LAUNCHER" />
97-->src/main/AndroidManifest.xml:40:17-76
97-->src/main/AndroidManifest.xml:40:27-74
98            </intent-filter>
99            <intent-filter>
99-->src/main/AndroidManifest.xml:43:13-46:29
100                <action android:name="FLUTTER_NOTIFICATION_CLICK" />
100-->src/main/AndroidManifest.xml:44:17-69
100-->src/main/AndroidManifest.xml:44:25-66
101
102                <category android:name="android.intent.category.DEFAULT" />
102-->src/main/AndroidManifest.xml:45:17-76
102-->src/main/AndroidManifest.xml:45:27-73
103            </intent-filter>
104            <intent-filter>
104-->src/main/AndroidManifest.xml:48:13-55:29
105                <action android:name="android.intent.action.VIEW" />
105-->src/main/AndroidManifest.xml:49:17-68
105-->src/main/AndroidManifest.xml:49:25-66
106
107                <category android:name="android.intent.category.DEFAULT" />
107-->src/main/AndroidManifest.xml:45:17-76
107-->src/main/AndroidManifest.xml:45:27-73
108                <category android:name="android.intent.category.BROWSABLE" />
108-->src/main/AndroidManifest.xml:51:17-77
108-->src/main/AndroidManifest.xml:51:27-75
109
110                <data
110-->src/main/AndroidManifest.xml:52:17-54:45
111                    android:host="airqo.net"
111-->src/main/AndroidManifest.xml:53:21-45
112                    android:scheme="https" />
112-->src/main/AndroidManifest.xml:54:21-43
113            </intent-filter>
114        </activity>
115        <!--
116             Don't delete the meta-data below.
117             This is used by the Flutter tool to generate GeneratedPluginRegistrant.java
118        -->
119        <meta-data
119-->src/main/AndroidManifest.xml:60:9-62:33
120            android:name="flutterEmbedding"
120-->src/main/AndroidManifest.xml:61:13-44
121            android:value="2" />
121-->src/main/AndroidManifest.xml:62:13-30
122        <meta-data
122-->src/main/AndroidManifest.xml:64:8-66:54
123            android:name="com.google.firebase.messaging.default_notification_channel_id"
123-->src/main/AndroidManifest.xml:65:12-88
124            android:value="high_importance_channel" />
124-->src/main/AndroidManifest.xml:66:12-51
125
126        <service
126-->[:firebase_messaging] AndroidManifest.xml:16:9-19:72
127            android:name="io.flutter.plugins.firebase.messaging.FlutterFirebaseMessagingBackgroundService"
127-->[:firebase_messaging] AndroidManifest.xml:17:13-107
128            android:exported="false"
128-->[:firebase_messaging] AndroidManifest.xml:18:13-37
129            android:permission="android.permission.BIND_JOB_SERVICE" />
129-->[:firebase_messaging] AndroidManifest.xml:19:13-69
130        <service
130-->[:firebase_messaging] AndroidManifest.xml:20:9-26:19
131            android:name="io.flutter.plugins.firebase.messaging.FlutterFirebaseMessagingService"
131-->[:firebase_messaging] AndroidManifest.xml:21:13-97
132            android:exported="false" >
132-->[:firebase_messaging] AndroidManifest.xml:22:13-37
133            <intent-filter>
133-->[:firebase_messaging] AndroidManifest.xml:23:13-25:29
134                <action android:name="com.google.firebase.MESSAGING_EVENT" />
134-->[:firebase_messaging] AndroidManifest.xml:24:17-78
134-->[:firebase_messaging] AndroidManifest.xml:24:25-75
135            </intent-filter>
136        </service>
137
138        <receiver
138-->[:firebase_messaging] AndroidManifest.xml:28:9-35:20
139            android:name="io.flutter.plugins.firebase.messaging.FlutterFirebaseMessagingReceiver"
139-->[:firebase_messaging] AndroidManifest.xml:29:13-98
140            android:exported="true"
140-->[:firebase_messaging] AndroidManifest.xml:30:13-36
141            android:permission="com.google.android.c2dm.permission.SEND" >
141-->[:firebase_messaging] AndroidManifest.xml:31:13-73
142            <intent-filter>
142-->[:firebase_messaging] AndroidManifest.xml:32:13-34:29
143                <action android:name="com.google.android.c2dm.intent.RECEIVE" />
143-->[:firebase_messaging] AndroidManifest.xml:33:17-81
143-->[:firebase_messaging] AndroidManifest.xml:33:25-78
144            </intent-filter>
145        </receiver>
146
147        <service
147-->[:firebase_messaging] AndroidManifest.xml:37:9-41:19
148            android:name="com.google.firebase.components.ComponentDiscoveryService"
148-->[:firebase_messaging] AndroidManifest.xml:37:18-89
149            android:directBootAware="true"
149-->[com.google.firebase:firebase-common:20.3.2] AndroidManifest.xml:34:13-43
150            android:exported="false" >
150-->[com.google.firebase:firebase-auth:22.0.0] AndroidManifest.xml:68:13-37
151            <meta-data
151-->[:firebase_messaging] AndroidManifest.xml:38:13-40:85
152                android:name="com.google.firebase.components:io.flutter.plugins.firebase.messaging.FlutterFirebaseAppRegistrar"
152-->[:firebase_messaging] AndroidManifest.xml:39:17-128
153                android:value="com.google.firebase.components.ComponentRegistrar" />
153-->[:firebase_messaging] AndroidManifest.xml:40:17-82
154            <meta-data
154-->[:firebase_crashlytics] AndroidManifest.xml:11:13-13:85
155                android:name="com.google.firebase.components:io.flutter.plugins.firebase.crashlytics.FlutterFirebaseAppRegistrar"
155-->[:firebase_crashlytics] AndroidManifest.xml:12:17-130
156                android:value="com.google.firebase.components.ComponentRegistrar" />
156-->[:firebase_crashlytics] AndroidManifest.xml:13:17-82
157            <meta-data
157-->[:cloud_firestore] AndroidManifest.xml:11:13-13:85
158                android:name="com.google.firebase.components:io.flutter.plugins.firebase.firestore.FlutterFirebaseFirestoreRegistrar"
158-->[:cloud_firestore] AndroidManifest.xml:12:17-134
159                android:value="com.google.firebase.components.ComponentRegistrar" />
159-->[:cloud_firestore] AndroidManifest.xml:13:17-82
160            <meta-data
160-->[:firebase_dynamic_links] AndroidManifest.xml:13:13-15:85
161                android:name="com.google.firebase.components:io.flutter.plugins.firebase.dynamiclinks.FlutterFirebaseAppRegistrar"
161-->[:firebase_dynamic_links] AndroidManifest.xml:14:17-131
162                android:value="com.google.firebase.components.ComponentRegistrar" />
162-->[:firebase_dynamic_links] AndroidManifest.xml:15:17-82
163            <meta-data
163-->[:firebase_analytics] AndroidManifest.xml:15:13-17:85
164                android:name="com.google.firebase.components:io.flutter.plugins.firebase.analytics.FlutterFirebaseAppRegistrar"
164-->[:firebase_analytics] AndroidManifest.xml:16:17-128
165                android:value="com.google.firebase.components.ComponentRegistrar" />
165-->[:firebase_analytics] AndroidManifest.xml:17:17-82
166            <meta-data
166-->[:firebase_auth] AndroidManifest.xml:11:13-13:85
167                android:name="com.google.firebase.components:io.flutter.plugins.firebase.auth.FlutterFirebaseAuthRegistrar"
167-->[:firebase_auth] AndroidManifest.xml:12:17-124
168                android:value="com.google.firebase.components.ComponentRegistrar" />
168-->[:firebase_auth] AndroidManifest.xml:13:17-82
169            <meta-data
169-->[:firebase_in_app_messaging] AndroidManifest.xml:11:13-13:85
170                android:name="com.google.firebase.components:io.flutter.plugins.firebase.inappmessaging.FlutterFirebaseAppRegistrar"
170-->[:firebase_in_app_messaging] AndroidManifest.xml:12:17-133
171                android:value="com.google.firebase.components.ComponentRegistrar" />
171-->[:firebase_in_app_messaging] AndroidManifest.xml:13:17-82
172            <meta-data
172-->[:firebase_storage] AndroidManifest.xml:11:13-13:85
173                android:name="com.google.firebase.components:io.flutter.plugins.firebase.storage.FlutterFirebaseAppRegistrar"
173-->[:firebase_storage] AndroidManifest.xml:12:17-126
174                android:value="com.google.firebase.components.ComponentRegistrar" />
174-->[:firebase_storage] AndroidManifest.xml:13:17-82
175            <meta-data
175-->[:firebase_core] AndroidManifest.xml:11:13-13:85
176                android:name="com.google.firebase.components:io.flutter.plugins.firebase.core.FlutterFirebaseCoreRegistrar"
176-->[:firebase_core] AndroidManifest.xml:12:17-124
177                android:value="com.google.firebase.components.ComponentRegistrar" />
177-->[:firebase_core] AndroidManifest.xml:13:17-82
178            <meta-data
178-->[com.google.firebase:firebase-auth:22.0.0] AndroidManifest.xml:69:13-71:85
179                android:name="com.google.firebase.components:com.google.firebase.auth.FirebaseAuthRegistrar"
179-->[com.google.firebase:firebase-auth:22.0.0] AndroidManifest.xml:70:17-109
180                android:value="com.google.firebase.components.ComponentRegistrar" />
180-->[com.google.firebase:firebase-auth:22.0.0] AndroidManifest.xml:71:17-82
181            <meta-data
181-->[com.google.firebase:firebase-firestore:24.6.0] AndroidManifest.xml:19:13-21:85
182                android:name="com.google.firebase.components:com.google.firebase.firestore.FirestoreRegistrar"
182-->[com.google.firebase:firebase-firestore:24.6.0] AndroidManifest.xml:20:17-111
183                android:value="com.google.firebase.components.ComponentRegistrar" />
183-->[com.google.firebase:firebase-firestore:24.6.0] AndroidManifest.xml:21:17-82
184            <meta-data
184-->[com.google.firebase:firebase-messaging:23.1.2] AndroidManifest.xml:55:13-57:85
185                android:name="com.google.firebase.components:com.google.firebase.messaging.FirebaseMessagingRegistrar"
185-->[com.google.firebase:firebase-messaging:23.1.2] AndroidManifest.xml:56:17-119
186                android:value="com.google.firebase.components.ComponentRegistrar" />
186-->[com.google.firebase:firebase-messaging:23.1.2] AndroidManifest.xml:57:17-82
187            <meta-data
187-->[com.google.firebase:firebase-dynamic-links:21.1.0] AndroidManifest.xml:26:13-28:85
188                android:name="com.google.firebase.components:com.google.firebase.dynamiclinks.internal.FirebaseDynamicLinkRegistrar"
188-->[com.google.firebase:firebase-dynamic-links:21.1.0] AndroidManifest.xml:27:17-133
189                android:value="com.google.firebase.components.ComponentRegistrar" />
189-->[com.google.firebase:firebase-dynamic-links:21.1.0] AndroidManifest.xml:28:17-82
190            <meta-data
190-->[com.google.firebase:firebase-storage:20.2.0] AndroidManifest.xml:32:13-34:85
191                android:name="com.google.firebase.components:com.google.firebase.storage.StorageRegistrar"
191-->[com.google.firebase:firebase-storage:20.2.0] AndroidManifest.xml:33:17-107
192                android:value="com.google.firebase.components.ComponentRegistrar" />
192-->[com.google.firebase:firebase-storage:20.2.0] AndroidManifest.xml:34:17-82
193            <meta-data
193-->[com.google.firebase:firebase-iid:21.1.0] AndroidManifest.xml:32:13-34:85
194                android:name="com.google.firebase.components:com.google.firebase.iid.Registrar"
194-->[com.google.firebase:firebase-iid:21.1.0] AndroidManifest.xml:33:17-96
195                android:value="com.google.firebase.components.ComponentRegistrar" />
195-->[com.google.firebase:firebase-iid:21.1.0] AndroidManifest.xml:34:17-82
196            <meta-data
196-->[com.google.firebase:firebase-inappmessaging-display:20.3.2] AndroidManifest.xml:24:13-26:85
197                android:name="com.google.firebase.components:com.google.firebase.inappmessaging.display.FirebaseInAppMessagingDisplayRegistrar"
197-->[com.google.firebase:firebase-inappmessaging-display:20.3.2] AndroidManifest.xml:25:17-144
198                android:value="com.google.firebase.components.ComponentRegistrar" />
198-->[com.google.firebase:firebase-inappmessaging-display:20.3.2] AndroidManifest.xml:26:17-82
199            <meta-data
199-->[com.google.firebase:firebase-crashlytics:18.3.7] AndroidManifest.xml:17:13-19:85
200                android:name="com.google.firebase.components:com.google.firebase.crashlytics.CrashlyticsRegistrar"
200-->[com.google.firebase:firebase-crashlytics:18.3.7] AndroidManifest.xml:18:17-115
201                android:value="com.google.firebase.components.ComponentRegistrar" />
201-->[com.google.firebase:firebase-crashlytics:18.3.7] AndroidManifest.xml:19:17-82
202            <meta-data
202-->[com.google.android.gms:play-services-measurement-api:21.2.2] AndroidManifest.xml:31:13-33:85
203                android:name="com.google.firebase.components:com.google.firebase.analytics.connector.internal.AnalyticsConnectorRegistrar"
203-->[com.google.android.gms:play-services-measurement-api:21.2.2] AndroidManifest.xml:32:17-139
204                android:value="com.google.firebase.components.ComponentRegistrar" />
204-->[com.google.android.gms:play-services-measurement-api:21.2.2] AndroidManifest.xml:33:17-82
205            <meta-data
205-->[com.google.firebase:firebase-inappmessaging:20.3.2] AndroidManifest.xml:16:13-18:85
206                android:name="com.google.firebase.components:com.google.firebase.inappmessaging.FirebaseInAppMessagingRegistrar"
206-->[com.google.firebase:firebase-inappmessaging:20.3.2] AndroidManifest.xml:17:17-129
207                android:value="com.google.firebase.components.ComponentRegistrar" />
207-->[com.google.firebase:firebase-inappmessaging:20.3.2] AndroidManifest.xml:18:17-82
208            <meta-data
208-->[com.google.firebase:firebase-installations:17.1.3] AndroidManifest.xml:17:13-19:85
209                android:name="com.google.firebase.components:com.google.firebase.installations.FirebaseInstallationsRegistrar"
209-->[com.google.firebase:firebase-installations:17.1.3] AndroidManifest.xml:18:17-127
210                android:value="com.google.firebase.components.ComponentRegistrar" />
210-->[com.google.firebase:firebase-installations:17.1.3] AndroidManifest.xml:19:17-82
211            <meta-data
211-->[com.google.firebase:firebase-datatransport:18.1.7] AndroidManifest.xml:27:13-29:85
212                android:name="com.google.firebase.components:com.google.firebase.datatransport.TransportRegistrar"
212-->[com.google.firebase:firebase-datatransport:18.1.7] AndroidManifest.xml:28:17-115
213                android:value="com.google.firebase.components.ComponentRegistrar" />
213-->[com.google.firebase:firebase-datatransport:18.1.7] AndroidManifest.xml:29:17-82
214            <meta-data
214-->[com.google.firebase:firebase-abt:21.1.1] AndroidManifest.xml:12:13-14:85
215                android:name="com.google.firebase.components:com.google.firebase.abt.component.AbtRegistrar"
215-->[com.google.firebase:firebase-abt:21.1.1] AndroidManifest.xml:13:17-109
216                android:value="com.google.firebase.components.ComponentRegistrar" />
216-->[com.google.firebase:firebase-abt:21.1.1] AndroidManifest.xml:14:17-82
217        </service>
218
219        <provider
219-->[:firebase_messaging] AndroidManifest.xml:43:9-47:38
220            android:name="io.flutter.plugins.firebase.messaging.FlutterFirebaseMessagingInitProvider"
220-->[:firebase_messaging] AndroidManifest.xml:44:13-102
221            android:authorities="com.airqo.app.flutterfirebasemessaginginitprovider"
221-->[:firebase_messaging] AndroidManifest.xml:45:13-88
222            android:exported="false"
222-->[:firebase_messaging] AndroidManifest.xml:46:13-37
223            android:initOrder="99" />
223-->[:firebase_messaging] AndroidManifest.xml:47:13-35
224
225        <service
225-->[:geolocator_android] AndroidManifest.xml:12:9-16:56
226            android:name="com.baseflow.geolocator.GeolocatorLocationService"
226-->[:geolocator_android] AndroidManifest.xml:13:13-77
227            android:enabled="true"
227-->[:geolocator_android] AndroidManifest.xml:14:13-35
228            android:exported="false"
228-->[:geolocator_android] AndroidManifest.xml:15:13-37
229            android:foregroundServiceType="location" />
229-->[:geolocator_android] AndroidManifest.xml:16:13-53
230
231        <receiver
231-->[:flutter_local_notifications] AndroidManifest.xml:16:9-18:40
232            android:name="com.dexterous.flutterlocalnotifications.ActionBroadcastReceiver"
232-->[:flutter_local_notifications] AndroidManifest.xml:17:13-91
233            android:exported="false" />
233-->[:flutter_local_notifications] AndroidManifest.xml:18:13-37
234        <receiver
234-->[:flutter_local_notifications] AndroidManifest.xml:19:9-21:40
235            android:name="com.dexterous.flutterlocalnotifications.ScheduledNotificationReceiver"
235-->[:flutter_local_notifications] AndroidManifest.xml:20:13-97
236            android:exported="false" />
236-->[:flutter_local_notifications] AndroidManifest.xml:21:13-37
237        <receiver
237-->[:flutter_local_notifications] AndroidManifest.xml:22:9-31:20
238            android:name="com.dexterous.flutterlocalnotifications.ScheduledNotificationBootReceiver"
238-->[:flutter_local_notifications] AndroidManifest.xml:23:13-101
239            android:exported="false" >
239-->[:flutter_local_notifications] AndroidManifest.xml:24:13-37
240            <intent-filter>
240-->[:flutter_local_notifications] AndroidManifest.xml:25:13-30:29
241                <action android:name="android.intent.action.BOOT_COMPLETED" />
241-->[:flutter_local_notifications] AndroidManifest.xml:26:17-79
241-->[:flutter_local_notifications] AndroidManifest.xml:26:25-76
242                <action android:name="android.intent.action.MY_PACKAGE_REPLACED" />
242-->[:flutter_local_notifications] AndroidManifest.xml:27:17-84
242-->[:flutter_local_notifications] AndroidManifest.xml:27:25-81
243                <action android:name="android.intent.action.QUICKBOOT_POWERON" />
243-->[:flutter_local_notifications] AndroidManifest.xml:28:17-82
243-->[:flutter_local_notifications] AndroidManifest.xml:28:25-79
244                <action android:name="com.htc.intent.action.QUICKBOOT_POWERON" />
244-->[:flutter_local_notifications] AndroidManifest.xml:29:17-82
244-->[:flutter_local_notifications] AndroidManifest.xml:29:25-79
245            </intent-filter>
246        </receiver>
247
248        <provider
248-->[:share_plus] AndroidManifest.xml:10:9-18:20
249            android:name="dev.fluttercommunity.plus.share.ShareFileProvider"
249-->[:share_plus] AndroidManifest.xml:11:13-77
250            android:authorities="com.airqo.app.flutter.share_provider"
250-->[:share_plus] AndroidManifest.xml:12:13-74
251            android:exported="false"
251-->[:share_plus] AndroidManifest.xml:13:13-37
252            android:grantUriPermissions="true" >
252-->[:share_plus] AndroidManifest.xml:14:13-47
253            <meta-data
253-->[:share_plus] AndroidManifest.xml:15:13-17:68
254                android:name="android.support.FILE_PROVIDER_PATHS"
254-->[:share_plus] AndroidManifest.xml:16:17-67
255                android:resource="@xml/flutter_share_file_paths" />
255-->[:share_plus] AndroidManifest.xml:17:17-65
256        </provider>
257        <provider
257-->[:image_picker_android] AndroidManifest.xml:10:9-18:20
258            android:name="io.flutter.plugins.imagepicker.ImagePickerFileProvider"
258-->[:image_picker_android] AndroidManifest.xml:11:13-82
259            android:authorities="com.airqo.app.flutter.image_provider"
259-->[:image_picker_android] AndroidManifest.xml:12:13-74
260            android:exported="false"
260-->[:image_picker_android] AndroidManifest.xml:13:13-37
261            android:grantUriPermissions="true" >
261-->[:image_picker_android] AndroidManifest.xml:14:13-47
262            <meta-data
262-->[:share_plus] AndroidManifest.xml:15:13-17:68
263                android:name="android.support.FILE_PROVIDER_PATHS"
263-->[:share_plus] AndroidManifest.xml:16:17-67
264                android:resource="@xml/flutter_image_picker_file_paths" />
264-->[:share_plus] AndroidManifest.xml:17:17-65
265        </provider>
266
267        <activity
267-->[:url_launcher_android] AndroidManifest.xml:10:9-13:74
268            android:name="io.flutter.plugins.urllauncher.WebViewActivity"
268-->[:url_launcher_android] AndroidManifest.xml:11:13-74
269            android:exported="false"
269-->[:url_launcher_android] AndroidManifest.xml:12:13-37
270            android:theme="@android:style/Theme.NoTitleBar.Fullscreen" /> <!-- Needs to be explicitly declared on P+ -->
270-->[:url_launcher_android] AndroidManifest.xml:13:13-71
271        <uses-library
271-->[com.google.android.gms:play-services-maps:18.1.0] AndroidManifest.xml:39:9-41:40
272            android:name="org.apache.http.legacy"
272-->[com.google.android.gms:play-services-maps:18.1.0] AndroidManifest.xml:40:13-50
273            android:required="false" />
273-->[com.google.android.gms:play-services-maps:18.1.0] AndroidManifest.xml:41:13-37
274
275        <activity
275-->[com.google.firebase:firebase-auth:22.0.0] AndroidManifest.xml:29:9-46:20
276            android:name="com.google.firebase.auth.internal.GenericIdpActivity"
276-->[com.google.firebase:firebase-auth:22.0.0] AndroidManifest.xml:30:13-80
277            android:excludeFromRecents="true"
277-->[com.google.firebase:firebase-auth:22.0.0] AndroidManifest.xml:31:13-46
278            android:exported="true"
278-->[com.google.firebase:firebase-auth:22.0.0] AndroidManifest.xml:32:13-36
279            android:launchMode="singleTask"